VPR FPGA Placement and Routing.
Version: 8.1.0-dev+dadca7ecf
Revision: v8.0.0-rc2-2909-gdadca7ecf
Compiled: 2023-05-09T10:14:14
Compiler: GNU 10.2.1 on Linux-5.4.0-faked aarch64
Build Info: release IPO VTR_ASSERT_LEVEL=2

University of Toronto
verilogtorouting.org
vtr-users@googlegroups.com
This is free open source code under MIT license.

VPR was run with the following command-line:
vpr /data/data/com.termux/files/home/symbiflow/quicklogic-arch-defs/share/arch/ql-eos-s3_wlcsp/arch.timing.xml mohan1.eblif --device ql-eos-s3 --max_router_iterations 500 --routing_failure_predictor off --router_high_fanout_threshold -1 --constant_net_method route --route_chan_width 100 --clock_modeling route --place_delay_model delta_override --router_lookahead map --check_route quick --strict_checks off --allow_dangling_combinational_nodes on --disable_errors check_unbuffered_edges:check_route --congested_routing_iteration_threshold 0.8 --incremental_reroute_delay_ripup off --base_cost_type delay_normalized_length_bounded --bb_factor 10 --initial_pres_fac 4.0 --check_rr_graph off --suppress_warnings ,sum_pin_class:check_unbuffered_edges:load_rr_indexed_data_T_values:check_rr_node:trans_per_R:check_route:set_rr_graph_tool_comment:warn_model_missing_timing --read_rr_graph /data/data/com.termux/files/home/symbiflow/quicklogic-arch-defs/share/arch/ql-eos-s3_wlcsp/rr_graph_ql-eos-s3_wlcsp.rr_graph.real.bin --read_placement_delay_lookup /data/data/com.termux/files/home/symbiflow/quicklogic-arch-defs/share/arch/ql-eos-s3_wlcsp/rr_graph_ql-eos-s3_wlcsp.place_delay.bin --sdc_file /data/data/com.termux/files/home/fpga-examples/blink/build/mohan1_dummy.sdc --route


Architecture file: /data/data/com.termux/files/home/symbiflow/quicklogic-arch-defs/share/arch/ql-eos-s3_wlcsp/arch.timing.xml
Circuit name: mohan1

# Loading Architecture Description
# Loading Architecture Description took 1.85 seconds (max_rss 24.9 MiB, delta_rss +22.5 MiB)
# Building complex block graph
# Building complex block graph took 0.54 seconds (max_rss 31.6 MiB, delta_rss +6.7 MiB)
# Load circuit
# Load circuit took 0.01 seconds (max_rss 31.8 MiB, delta_rss +0.3 MiB)
# Clean circuit
Absorbed 12 LUT buffers
Inferred    3 additional primitive pins as constant generators since they have no combinationally connected inputs
Inferred    0 additional primitive pins as constant generators due to constant inputs
Inferred    0 additional primitive pins as constant generators since they have no combinationally connected inputs
Inferred    0 additional primitive pins as constant generators due to constant inputs
Inferred    0 additional primitive pins as constant generators since they have no combinationally connected inputs
Inferred    0 additional primitive pins as constant generators due to constant inputs
Swept input(s)      : 0
Swept output(s)     : 0 (0 dangling, 0 constant)
Swept net(s)        : 1
Swept block(s)      : 1
Constant Pins Marked: 3
# Clean circuit took 0.00 seconds (max_rss 31.8 MiB, delta_rss +0.0 MiB)
# Compress circuit
# Compress circuit took 0.00 seconds (max_rss 31.8 MiB, delta_rss +0.0 MiB)
# Verify circuit
# Verify circuit took 0.00 seconds (max_rss 31.8 MiB, delta_rss +0.0 MiB)
Circuit Statistics:
  Blocks: 28
    .input    :       1
    .output   :       6
    BIDIR_CELL:       7
    F_FRAG    :       6
    GND       :       1
    Q_FRAG    :       6
    VCC       :       1
  Nets  : 22
    Avg Fanout:     4.0
    Max Fanout:    31.0
    Min Fanout:     1.0
  Netlist Clocks: 1
# Build Timing Graph
Warning 1: Inferred implicit clock source $auto$clkbufmap.cc:252:execute$1094.I_DAT[0] for netlist clock $auto$clkbufmap.cc:247:execute$1093 (possibly data used as clock)
Warning 2: Timing edge from $auto$clkbufmap.cc:252:execute$1094.I_EN[0] to $auto$clkbufmap.cc:252:execute$1094.I_DAT[0] will not be created since $auto$clkbufmap.cc:252:execute$1094.I_DAT[0] has been identified as a clock generator
Warning 3: Timing edge from $auto$clkbufmap.cc:252:execute$1094.I_PAD_$inp[0] to $auto$clkbufmap.cc:252:execute$1094.I_DAT[0] will not be created since $auto$clkbufmap.cc:252:execute$1094.I_DAT[0] has been identified as a clock generator
  Timing Graph Nodes: 109
  Timing Graph Edges: 147
  Timing Graph Levels: 6
# Build Timing Graph took 0.00 seconds (max_rss 31.8 MiB, delta_rss +0.0 MiB)
Netlist contains 1 clocks
  Netlist Clock '$auto$clkbufmap.cc:247:execute$1093' Fanout: 6 pins (5.5%), 6 blocks (21.4%)
# Load Timing Constraints

SDC file '/data/data/com.termux/files/home/fpga-examples/blink/build/mohan1_dummy.sdc' contained no SDC commands
Setting default timing constraints:
   * constrain all primay inputs and primary outputs on netlist clock '$auto$clkbufmap.cc:247:execute$1093'
   * optimize netlist clock to run as fast as possible
Timing constraints created 1 clocks
  Constrained Clock '$auto$clkbufmap.cc:247:execute$1093' Source: '$auto$clkbufmap.cc:252:execute$1094.I_DAT[0]'

# Load Timing Constraints took 0.00 seconds (max_rss 32.1 MiB, delta_rss +0.3 MiB)
Timing analysis: ON
Circuit netlist file: mohan1.net
Circuit placement file: mohan1.place
Circuit routing file: mohan1.route
Circuit SDC file: /data/data/com.termux/files/home/fpga-examples/blink/build/mohan1_dummy.sdc

Packer: ENABLED
Placer: ENABLED
Router: ENABLED
Analysis: ENABLED

NetlistOpts.abosrb_buffer_luts            : true
NetlistOpts.sweep_dangling_primary_ios    : true
NetlistOpts.sweep_dangling_nets           : true
NetlistOpts.sweep_dangling_blocks         : true
NetlistOpts.sweep_constant_primary_outputs: false
NetlistOpts.netlist_verbosity             : 1
NetlistOpts.const_gen_inference           : COMB_SEQ

PackerOpts.allow_unrelated_clustering: auto
PackerOpts.alpha_clustering: 0.750000
PackerOpts.beta_clustering: 0.900000
PackerOpts.cluster_seed_type: BLEND2
PackerOpts.connection_driven: true
PackerOpts.global_clocks: true
PackerOpts.hill_climbing_flag: false
PackerOpts.inter_cluster_net_delay: 1.000000
PackerOpts.timing_driven: true
PackerOpts.target_external_pin_util: auto

PlacerOpts.place_freq: PLACE_ONCE
PlacerOpts.place_algorithm: CRITICALITY_TIMING_PLACE
PlacerOpts.pad_loc_type: FREE
PlacerOpts.constraints_file: No constraints file given
PlacerOpts.place_cost_exp: 1.000000
PlacerOpts.place_chan_width: 100
PlacerOpts.inner_loop_recompute_divider: 0
PlacerOpts.recompute_crit_iter: 1
PlacerOpts.timing_tradeoff: 0.500000
PlacerOpts.td_place_exp_first: 1.000000
PlacerOpts.td_place_exp_last: 8.000000
PlacerOpts.delay_offset: 0.000000
PlacerOpts.delay_ramp_delta_threshold: -1
PlacerOpts.delay_ramp_slope: 0.000000
PlacerOpts.tsu_rel_margin: 1.000000
PlacerOpts.tsu_abs_margin: 0.000000
PlacerOpts.post_place_timing_report_file: 
PlacerOpts.allowed_tiles_for_delay_model: 
PlacerOpts.delay_model_reducer: MIN
PlacerOpts.delay_model_type: DELTA_OVERRIDE
PlacerOpts.rlim_escape_fraction: 0.000000
PlacerOpts.move_stats_file: 
PlacerOpts.placement_saves_per_temperature: 0
PlacerOpts.effort_scaling: CIRCUIT
PlacerOpts.place_delta_delay_matrix_calculation_method: ASTAR_ROUTE
PlaceOpts.seed: 1
AnnealSched.type: AUTO_SCHED
AnnealSched.inner_num: 1.000000

RouterOpts.route_type: DETAILED
RouterOpts.router_algorithm: TIMING_DRIVEN
RouterOpts.base_cost_type: DELAY_NORMALIZED_LENGTH_BOUNDED
RouterOpts.fixed_channel_width: 100
RouterOpts.check_route: QUICK
RouterOpts.trim_empty_chan: false
RouterOpts.trim_obs_chan: false
RouterOpts.acc_fac: 1.000000
RouterOpts.bb_factor: 10
RouterOpts.bend_cost: 0.000000
RouterOpts.first_iter_pres_fac: 0.000000
RouterOpts.initial_pres_fac: 4.000000
RouterOpts.pres_fac_mult: 1.300000
RouterOpts.max_router_iterations: 500
RouterOpts.min_incremental_reroute_fanout: 16
RouterOpts.do_check_rr_graph: false
RouterOpts.verify_binary_search: false
RouterOpts.min_channel_width_hint: 0
RouterOpts.read_rr_edge_metadata: false
RouterOpts.exit_after_first_routing_iteration: false
RouterOpts.astar_fac: 1.200000
RouterOpts.criticality_exp: 1.000000
RouterOpts.max_criticality: 0.990000
RouterOpts.init_wirelength_abort_threshold: 0.850000
RouterOpts.save_routing_per_iteration: false
RouterOpts.congested_routing_iteration_threshold_frac: 0.800000
RouterOpts.high_fanout_threshold: -1
RouterOpts.router_debug_net: -2
RouterOpts.router_debug_sink_rr: -2
RouterOpts.router_debug_iteration: -2
RouterOpts.max_convergence_count: 1
RouterOpts.reconvergence_cpd_threshold: 0.990000
RouterOpts.update_lower_bound_delays: true
RouterOpts.first_iteration_timing_report_file: 
RouterOpts.incr_reroute_delay_ripup: OFF
RouterOpts.route_bb_update: DYNAMIC
RouterOpts.lookahead_type: MAP
RouterOpts.initial_timing: LOOKAHEAD
RouterOpts.router_heap: BINARY_HEAP
RouterOpts.routing_failure_predictor = OFF
RouterOpts.routing_budgets_algorithm = DISABLE

AnalysisOpts.gen_post_synthesis_netlist: false
AnalysisOpts.timing_report_npaths: 100
AnalysisOpts.timing_report_skew: false
AnalysisOpts.echo_dot_timing_graph_node: -1
AnalysisOpts.timing_report_detail: NETLIST

RoutingArch.directionality: BI_DIRECTIONAL
RoutingArch.switch_block_type: WILTON
RoutingArch.Fs: 3

# Load Packing
Begin loading packed FPGA netlist file.
Netlist generated from file 'mohan1.net'.
Detected 2 constant generators (to see names run with higher pack verbosity)
Finished loading packed FPGA netlist file (took 0.02947 seconds).
# Load Packing took 0.04 seconds (max_rss 32.3 MiB, delta_rss +0.2 MiB)
Warning 4: Netlist contains 0 global net to non-global architecture pin connections
Warning 5: Logic block #13 ($false) has only 1 output pin '$false.GND0_GND[0]'. It may be a constant generator.
Warning 6: Logic block #14 ($true) has only 1 output pin '$true.VCC0_VCC[0]'. It may be a constant generator.

Netlist num_nets: 15
Netlist num_blocks: 15
Netlist EMPTY blocks: 0.
Netlist PB-GMUX blocks: 0.
Netlist PB-LOGIC blocks: 6.
Netlist PB-CLOCK blocks: 0.
Netlist PB-MULT blocks: 0.
Netlist PB-SDIOMUX blocks: 0.
Netlist PB-RAM blocks: 0.
Netlist PB-SYN_VCC blocks: 1.
Netlist PB-BIDIR blocks: 7.
Netlist PB-SYN_GND blocks: 1.
Netlist PB-ASSP blocks: 0.
Netlist inputs pins: 1
Netlist output pins: 20


Pb types usage...
  PB-LOGIC          : 6
   LOGIC            : 6
    FRAGS           : 6
     f_frag         : 6
     q_frag_modes   : 6
      EXT           : 6
       q_frag       : 6
  PB-SYN_VCC        : 1
   VCC              : 1
  PB-BIDIR          : 7
   BIDIR            : 7
    INPUT           : 1
     bidir          : 1
     inpad          : 1
    OUTPUT          : 6
     bidir          : 6
     outpad         : 6
  PB-SYN_GND        : 1
   GND              : 1

# Create Device
## Build Device Grid
FPGA sized to 39 x 35: 1365 grid tiles (ql-eos-s3)

Resource usage...
	Netlist
		0	blocks of type: PB-GMUX
	Architecture
		5	blocks of type: TL-GMUX
	Netlist
		6	blocks of type: PB-LOGIC
	Architecture
		891	blocks of type: TL-LOGIC
	Netlist
		0	blocks of type: PB-CLOCK
	Architecture
		5	blocks of type: TL-CLOCK
	Netlist
		0	blocks of type: PB-MULT
	Architecture
		2	blocks of type: TL-MULT
	Netlist
		0	blocks of type: PB-SDIOMUX
	Architecture
		14	blocks of type: TL-SDIOMUX
	Netlist
		0	blocks of type: PB-RAM
	Architecture
		4	blocks of type: TL-RAM
	Netlist
		1	blocks of type: PB-SYN_VCC
	Architecture
		1	blocks of type: TL-SYN_VCC
	Netlist
		7	blocks of type: PB-BIDIR
	Architecture
		32	blocks of type: TL-BIDIR
	Netlist
		1	blocks of type: PB-SYN_GND
	Architecture
		1	blocks of type: TL-SYN_GND
	Netlist
		0	blocks of type: PB-ASSP
	Architecture
		1	blocks of type: TL-ASSP

Device Utilization: 0.01 (target 1.00)
	Physical Tile TL-LOGIC:
	Block Utilization: 0.01 Logical Block: PB-LOGIC
	Physical Tile TL-RAM:
	Block Utilization: 0.00 Logical Block: PB-RAM
	Physical Tile TL-MULT:
	Block Utilization: 0.00 Logical Block: PB-MULT
	Physical Tile TL-BIDIR:
	Block Utilization: 0.22 Logical Block: PB-BIDIR
	Physical Tile TL-CLOCK:
	Block Utilization: 0.00 Logical Block: PB-CLOCK
	Physical Tile TL-SDIOMUX:
	Block Utilization: 0.00 Logical Block: PB-SDIOMUX
	Physical Tile TL-GMUX:
	Block Utilization: 0.00 Logical Block: PB-GMUX
	Physical Tile TL-ASSP:
	Block Utilization: 0.00 Logical Block: PB-ASSP
	Physical Tile TL-SYN_VCC:
	Block Utilization: 1.00 Logical Block: PB-SYN_VCC
	Physical Tile TL-SYN_GND:
	Block Utilization: 1.00 Logical Block: PB-SYN_GND

## Build Device Grid took 0.03 seconds (max_rss 32.4 MiB, delta_rss +0.0 MiB)
## Loading routing resource graph


## Loading routing resource graph took 2.92 seconds (max_rss 340.4 MiB, delta_rss +308.0 MiB)
  RR Graph Nodes: 1396446
  RR Graph Edges: 2337988
# Create Device took 8.57 seconds (max_rss 387.9 MiB, delta_rss +355.6 MiB)

# Load Placement
Reading mohan1.place.

Successfully read mohan1.place.

# Load Placement took 0.00 seconds (max_rss 387.9 MiB, delta_rss +0.0 MiB)

# Computing router lookahead map
## Computing wire lookahead
Warning 7: Unable to find any sample location for segment CHANX type 'generic' (length 1)
Warning 8: Unable to find any sample location for segment CHANY type 'generic' (length 1)
Warning 9: Unable to find any sample location for segment CHANX type 'pad' (length 1)
Warning 10: Unable to find any sample location for segment CHANY type 'pad' (length 1)
## Computing wire lookahead took 123.43 seconds (max_rss 387.9 MiB, delta_rss +0.0 MiB)
## Computing src/opin lookahead
## Computing src/opin lookahead took 0.00 seconds (max_rss 387.9 MiB, delta_rss +0.0 MiB)
# Computing router lookahead map took 123.43 seconds (max_rss 387.9 MiB, delta_rss +0.0 MiB)
# Routing
  RR Graph Nodes: 1396446
  RR Graph Edges: 2337988
Confirming router algorithm: TIMING_DRIVEN.
## Initializing router criticalities
Initial Net Connection Criticality Histogram:
[        0:      0.1) 56 ( 70.0%) |************************************************
[      0.1:      0.2)  0 (  0.0%) |
[      0.2:      0.3)  0 (  0.0%) |
[      0.3:      0.4) 17 ( 21.2%) |***************
[      0.4:      0.5)  1 (  1.2%) |*
[      0.5:      0.6)  0 (  0.0%) |
[      0.6:      0.7)  0 (  0.0%) |
[      0.7:      0.8)  0 (  0.0%) |
[      0.8:      0.9)  0 (  0.0%) |
[      0.9:        1)  6 (  7.5%) |*****
## Initializing router criticalities took 0.00 seconds (max_rss 446.2 MiB, delta_rss +0.0 MiB)
---- ------ ------- ---- ------- ------- ------- ----------------- --------------- -------- ---------- ---------- ---------- ---------- --------
Iter   Time    pres  BBs    Heap  Re-Rtd  Re-Rtd Overused RR Nodes      Wirelength      CPD       sTNS       sWNS       hTNS       hWNS Est Succ
      (sec)     fac Updt    push    Nets   Conns                                       (ns)       (ns)       (ns)       (ns)       (ns)     Iter
---- ------ ------- ---- ------- ------- ------- ----------------- --------------- -------- ---------- ---------- ---------- ---------- --------
   1    0.8     0.0    0  710079      15      80      71 ( 0.005%)    2069 ( 0.1%)   22.579     -205.7    -22.579      0.000      0.000      N/A
   2    0.7     4.0    0  540436       7      30       3 ( 0.000%)    2218 ( 0.2%)   22.506     -207.3    -22.506      0.000      0.000      N/A
   3    0.5     5.2    0  387554       2      10       3 ( 0.000%)    2218 ( 0.2%)   22.506     -207.3    -22.506      0.000      0.000      N/A
   4    0.0     6.8    0    5474       1       1       0 ( 0.000%)    2221 ( 0.2%)   22.506     -207.3    -22.506      0.000      0.000      N/A
Restoring best routing
Critical path: 22.5061 ns
Successfully routed after 4 routing iterations.
Final Net Connection Criticality Histogram:
[        0:      0.1) 56 ( 70.0%) |************************************************
[      0.1:      0.2)  0 (  0.0%) |
[      0.2:      0.3)  0 (  0.0%) |
[      0.3:      0.4)  0 (  0.0%) |
[      0.4:      0.5) 17 ( 21.2%) |***************
[      0.5:      0.6)  1 (  1.2%) |*
[      0.6:      0.7)  0 (  0.0%) |
[      0.7:      0.8)  0 (  0.0%) |
[      0.8:      0.9)  1 (  1.2%) |*
[      0.9:        1)  5 (  6.2%) |****
Router Stats: total_nets_routed: 25 total_connections_routed: 121 total_heap_pushes: 1643543 total_heap_pops: 1438156
# Routing took 7.11 seconds (max_rss 446.2 MiB, delta_rss +58.3 MiB)

Checking to ensure routing is legal...
Completed routing consistency check successfully.

Serial number (magic cookie) for the routing is: -29196366
Circuit successfully routed with a channel width factor of 100.

Incr Slack updates 5 in 0.000116231 sec
Full Max Req/Worst Slack updates 2 in 2.8424e-05 sec
Incr Max Req/Worst Slack updates 3 in 2.8461e-05 sec
Incr Criticality updates 2 in 2.873e-05 sec
Full Criticality updates 3 in 5.0154e-05 sec

Average number of bends per net: 130.267  Maximum # of bends: 433

Number of global nets: 0
Number of routed nets (nonglobal): 15
Wire length results (in units of 1 clb segments)...
	Total wirelength: 2164, average net length: 144.267
	Maximum net length: 488

Wire length results in terms of physical segments...
	Total wiring segments used: 2074, average wire segments per net: 138.267
	Maximum segments used by a net: 461
	Total local nets with reserved CLB opins: 0

Routing channel utilization histogram:
[        1:      inf)    0 (  0.0%) |
[      0.9:        1)   54 (  2.1%) |*
[      0.8:      0.9)    0 (  0.0%) |
[      0.7:      0.8)    0 (  0.0%) |
[      0.5:      0.6)    0 (  0.0%) |
[      0.4:      0.5)    2 (  0.1%) |
[      0.3:      0.4)    0 (  0.0%) |
[      0.2:      0.3)    0 (  0.0%) |
[      0.1:      0.2)   12 (  0.5%) |
[        0:      0.1) 2516 ( 97.4%) |**********************************************
Maximum routing channel utilization:         1 at (4,0)

X - Directed channels:   j max occ ave occ capacity
                      ---- ------- ------- --------
                         0       2   1.410        2
                         1       0   0.000      221
                         2       0   0.000        0
                         3      44   8.795      635
                         4     109  11.821      623
                         5       9   0.410      658
                         6       9   0.641      623
                         7      97   5.513      623
                         8       0   0.000      623
                         9       0   0.000      623
                        10       0   0.000      665
                        11       0   0.000      623
                        12       0   0.000      647
                        13       0   0.000      623
                        14       0   0.000      623
                        15       0   0.000      623
                        16       0   0.000      623
                        17       0   0.000      623
                        18       0   0.000      725
                        19       0   0.000      623
                        20       0   0.000      623
                        21       0   0.000      623
                        22       0   0.000      623
                        23       0   0.000      623
                        24       0   0.000      623
                        25       0   0.000      657
                        26       0   0.000      634
                        27       0   0.000      623
                        28       0   0.000      623
                        29       0   0.000      624
                        30       0   0.000      625
                        31       0   0.000      626
                        32       0   0.000      786
                        33       0   0.000      269
Y - Directed channels:   i max occ ave occ capacity
                      ---- ------- ------- --------
                         0       0   0.000        2
                         1       0   0.000      287
                         2       1   0.029        4
                         3       1   0.029      848
                         4       0   0.000      874
                         5       0   0.000      819
                         6       0   0.000      760
                         7       0   0.000      761
                         8       0   0.000      761
                         9       0   0.000      761
                        10       0   0.000      757
                        11       0   0.000      775
                        12       0   0.000      757
                        13       0   0.000      761
                        14      33   1.343      761
                        15       9   0.257      761
                        16       0   0.000      761
                        17       0   0.000      761
                        18      13   0.686      761
                        19      20   0.571      816
                        20      91   4.429      761
                        21       0   0.000      883
                        22     105   4.343      761
                        23      11   0.314      761
                        24      92   4.457      761
                        25       0   0.000      761
                        26     104   4.914      757
                        27       9   0.257      775
                        28      97   4.371      757
                        29       0   0.000      761
                        30      94   3.971      761
                        31       0   0.000      761
                        32       0   0.000      761
                        33       0   0.000      763
                        34       0   0.000      762
                        35       0   0.000      764
                        36       0   0.000     1024
                        37       0   0.000      164

Total tracks in x-direction: 19611, in y-direction: 27046

Logic area (in minimum width transistor areas, excludes I/Os and empty grid tiles)...
	Total logic block area (Warning, need to add pitch of routing to blocks with height > 3): 1.3515e+07
	Total used logic block area: 120000

Routing area (in minimum width transistor areas)...
	Assuming no buffer sharing (pessimistic). Total: 1.07847e+09, per logic tile: 790090.
	Assuming buffer sharing (slightly optimistic). Total: 8.38760e+08, per logic tile: 614476.


Segment usage by type (index):    name type utilization
                               ------- ---- -----------
                                  sbox    2      0.0013
                                   vcc    3      0.0235
                                   gnd    4       0.025
                                  hop1    5     0.00142
                                  hop2    6    0.000571
                                  hop3    7      0.0256
                                  hop4    8     0.00203
                                 clock    9           0
                               special   10           0

Segment usage by length: length utilization
                         ------ -----------
                              1      0.0014
                              2    0.000571
                              3      0.0256
                              4     0.00203


Final hold Worst Negative Slack (hWNS): 0 ns
Final hold Total Negative Slack (hTNS): 0 ns

Final hold slack histogram:
[  4.4e-09:  6.1e-09) 7 ( 38.9%) |*************************************************
[  6.1e-09:  7.9e-09) 4 ( 22.2%) |****************************
[  7.9e-09:  9.7e-09) 1 (  5.6%) |*******
[  9.7e-09:  1.1e-08) 0 (  0.0%) |
[  1.1e-08:  1.3e-08) 0 (  0.0%) |
[  1.3e-08:  1.5e-08) 0 (  0.0%) |
[  1.5e-08:  1.7e-08) 0 (  0.0%) |
[  1.7e-08:  1.9e-08) 0 (  0.0%) |
[  1.9e-08:    2e-08) 2 ( 11.1%) |**************
[    2e-08:  2.2e-08) 4 ( 22.2%) |****************************

Final critical path delay (least slack): 22.5061 ns, Fmax: 44.4324 MHz
Final setup Worst Negative Slack (sWNS): -22.5061 ns
Final setup Total Negative Slack (sTNS): -207.32 ns

Final setup slack histogram:
[ -2.3e-08: -2.1e-08) 4 ( 22.2%) |****************************
[ -2.1e-08: -1.9e-08) 2 ( 11.1%) |**************
[ -1.9e-08: -1.7e-08) 0 (  0.0%) |
[ -1.7e-08: -1.5e-08) 0 (  0.0%) |
[ -1.5e-08: -1.4e-08) 0 (  0.0%) |
[ -1.4e-08: -1.2e-08) 0 (  0.0%) |
[ -1.2e-08:   -1e-08) 0 (  0.0%) |
[   -1e-08: -8.4e-09) 1 (  5.6%) |*******
[ -8.4e-09: -6.6e-09) 7 ( 38.9%) |*************************************************
[ -6.6e-09: -4.9e-09) 4 ( 22.2%) |****************************

Final geomean non-virtual intra-domain period: 22.5061 ns (44.4324 MHz)
Final fanout-weighted geomean non-virtual intra-domain period: 22.5061 ns (44.4324 MHz)

Incr Slack updates 1 in 2.3615e-05 sec
Full Max Req/Worst Slack updates 1 in 1.2115e-05 sec
Incr Max Req/Worst Slack updates 0 in 0 sec
Incr Criticality updates 0 in 0 sec
Full Criticality updates 1 in 1.7076e-05 sec
Flow timing analysis took 0.00333396 seconds (0.00288258 STA, 0.000451386 slack) (6 full updates: 0 setup, 0 hold, 6 combined).
VPR succeeded
The entire flow of VPR took 142.03 seconds (max_rss 446.2 MiB)
