#Timing report of worst 18 path(s)
# Unit scale: 1e-09 seconds
# Output precision: 3

#Path 1
Startpoint: r_dffe_Q.QZ[0] (Q_FRAG clocked by $auto$clkbufmap.cc:247:execute$1093)
Endpoint  : out:r.outpad[0] (.output clocked by $auto$clkbufmap.cc:247:execute$1093)
Path Type : setup

Point                                                                            Incr      Path
-----------------------------------------------------------------------------------------------
clock $auto$clkbufmap.cc:247:execute$1093 (rise edge)                           0.000     0.000
clock source latency                                                            0.000     0.000
$auto$clkbufmap.cc:252:execute$1094.I_DAT[0] (BIDIR_CELL)                       0.000     0.000
r_dffe_Q.QCK[0] (Q_FRAG)                                                        6.876     6.876
r_dffe_Q.QZ[0] (Q_FRAG) [clock-to-output]                                       1.701     8.578
$iopadmap$tff.r.O_DAT[0] (BIDIR_CELL)                                           4.119    12.697
$iopadmap$tff.r.O_PAD_$out[0] (BIDIR_CELL)                                      9.809    22.506
out:r.outpad[0] (.output)                                                       0.000    22.506
data arrival time                                                                        22.506

clock $auto$clkbufmap.cc:247:execute$1093 (rise edge)                           0.000     0.000
clock source latency                                                            0.000     0.000
clock uncertainty                                                               0.000     0.000
output external delay                                                           0.000     0.000
data required time                                                                        0.000
-----------------------------------------------------------------------------------------------
data required time                                                                        0.000
data arrival time                                                                       -22.506
-----------------------------------------------------------------------------------------------
slack (VIOLATED)                                                                        -22.506


#Path 2
Startpoint: p_dffe_Q.QZ[0] (Q_FRAG clocked by $auto$clkbufmap.cc:247:execute$1093)
Endpoint  : out:p.outpad[0] (.output clocked by $auto$clkbufmap.cc:247:execute$1093)
Path Type : setup

Point                                                                            Incr      Path
-----------------------------------------------------------------------------------------------
clock $auto$clkbufmap.cc:247:execute$1093 (rise edge)                           0.000     0.000
clock source latency                                                            0.000     0.000
$auto$clkbufmap.cc:252:execute$1094.I_DAT[0] (BIDIR_CELL)                       0.000     0.000
p_dffe_Q.QCK[0] (Q_FRAG)                                                        5.996     5.996
p_dffe_Q.QZ[0] (Q_FRAG) [clock-to-output]                                       1.701     7.697
$iopadmap$tff.p.O_DAT[0] (BIDIR_CELL)                                           4.042    11.739
$iopadmap$tff.p.O_PAD_$out[0] (BIDIR_CELL)                                      9.809    21.548
out:p.outpad[0] (.output)                                                       0.000    21.548
data arrival time                                                                        21.548

clock $auto$clkbufmap.cc:247:execute$1093 (rise edge)                           0.000     0.000
clock source latency                                                            0.000     0.000
clock uncertainty                                                               0.000     0.000
output external delay                                                           0.000     0.000
data required time                                                                        0.000
-----------------------------------------------------------------------------------------------
data required time                                                                        0.000
data arrival time                                                                       -21.548
-----------------------------------------------------------------------------------------------
slack (VIOLATED)                                                                        -21.548


#Path 3
Startpoint: qbar_dffe_Q.QZ[0] (Q_FRAG clocked by $auto$clkbufmap.cc:247:execute$1093)
Endpoint  : out:qbar.outpad[0] (.output clocked by $auto$clkbufmap.cc:247:execute$1093)
Path Type : setup

Point                                                                            Incr      Path
-----------------------------------------------------------------------------------------------
clock $auto$clkbufmap.cc:247:execute$1093 (rise edge)                           0.000     0.000
clock source latency                                                            0.000     0.000
$auto$clkbufmap.cc:252:execute$1094.I_DAT[0] (BIDIR_CELL)                       0.000     0.000
qbar_dffe_Q.QCK[0] (Q_FRAG)                                                     6.737     6.737
qbar_dffe_Q.QZ[0] (Q_FRAG) [clock-to-output]                                    1.701     8.438
$iopadmap$tff.qbar.O_DAT[0] (BIDIR_CELL)                                        3.207    11.645
$iopadmap$tff.qbar.O_PAD_$out[0] (BIDIR_CELL)                                   9.809    21.454
out:qbar.outpad[0] (.output)                                                    0.000    21.454
data arrival time                                                                        21.454

clock $auto$clkbufmap.cc:247:execute$1093 (rise edge)                           0.000     0.000
clock source latency                                                            0.000     0.000
clock uncertainty                                                               0.000     0.000
output external delay                                                           0.000     0.000
data required time                                                                        0.000
-----------------------------------------------------------------------------------------------
data required time                                                                        0.000
data arrival time                                                                       -21.454
-----------------------------------------------------------------------------------------------
slack (VIOLATED)                                                                        -21.454


#Path 4
Startpoint: rbar_dffe_Q.QZ[0] (Q_FRAG clocked by $auto$clkbufmap.cc:247:execute$1093)
Endpoint  : out:rbar.outpad[0] (.output clocked by $auto$clkbufmap.cc:247:execute$1093)
Path Type : setup

Point                                                                            Incr      Path
-----------------------------------------------------------------------------------------------
clock $auto$clkbufmap.cc:247:execute$1093 (rise edge)                           0.000     0.000
clock source latency                                                            0.000     0.000
$auto$clkbufmap.cc:252:execute$1094.I_DAT[0] (BIDIR_CELL)                       0.000     0.000
rbar_dffe_Q.QCK[0] (Q_FRAG)                                                     6.214     6.214
rbar_dffe_Q.QZ[0] (Q_FRAG) [clock-to-output]                                    1.701     7.915
$iopadmap$tff.rbar.O_DAT[0] (BIDIR_CELL)                                        3.130    11.045
$iopadmap$tff.rbar.O_PAD_$out[0] (BIDIR_CELL)                                   9.809    20.854
out:rbar.outpad[0] (.output)                                                    0.000    20.854
data arrival time                                                                        20.854

clock $auto$clkbufmap.cc:247:execute$1093 (rise edge)                           0.000     0.000
clock source latency                                                            0.000     0.000
clock uncertainty                                                               0.000     0.000
output external delay                                                           0.000     0.000
data required time                                                                        0.000
-----------------------------------------------------------------------------------------------
data required time                                                                        0.000
data arrival time                                                                       -20.854
-----------------------------------------------------------------------------------------------
slack (VIOLATED)                                                                        -20.854


#Path 5
Startpoint: pbar_dffe_Q.QZ[0] (Q_FRAG clocked by $auto$clkbufmap.cc:247:execute$1093)
Endpoint  : out:pbar.outpad[0] (.output clocked by $auto$clkbufmap.cc:247:execute$1093)
Path Type : setup

Point                                                                            Incr      Path
-----------------------------------------------------------------------------------------------
clock $auto$clkbufmap.cc:247:execute$1093 (rise edge)                           0.000     0.000
clock source latency                                                            0.000     0.000
$auto$clkbufmap.cc:252:execute$1094.I_DAT[0] (BIDIR_CELL)                       0.000     0.000
pbar_dffe_Q.QCK[0] (Q_FRAG)                                                     5.300     5.300
pbar_dffe_Q.QZ[0] (Q_FRAG) [clock-to-output]                                    1.701     7.001
$iopadmap$tff.pbar.O_DAT[0] (BIDIR_CELL)                                        3.207    10.208
$iopadmap$tff.pbar.O_PAD_$out[0] (BIDIR_CELL)                                   9.809    20.017
out:pbar.outpad[0] (.output)                                                    0.000    20.017
data arrival time                                                                        20.017

clock $auto$clkbufmap.cc:247:execute$1093 (rise edge)                           0.000     0.000
clock source latency                                                            0.000     0.000
clock uncertainty                                                               0.000     0.000
output external delay                                                           0.000     0.000
data required time                                                                        0.000
-----------------------------------------------------------------------------------------------
data required time                                                                        0.000
data arrival time                                                                       -20.017
-----------------------------------------------------------------------------------------------
slack (VIOLATED)                                                                        -20.017


#Path 6
Startpoint: q_dffe_Q.QZ[0] (Q_FRAG clocked by $auto$clkbufmap.cc:247:execute$1093)
Endpoint  : out:q.outpad[0] (.output clocked by $auto$clkbufmap.cc:247:execute$1093)
Path Type : setup

Point                                                                            Incr      Path
-----------------------------------------------------------------------------------------------
clock $auto$clkbufmap.cc:247:execute$1093 (rise edge)                           0.000     0.000
clock source latency                                                            0.000     0.000
$auto$clkbufmap.cc:252:execute$1094.I_DAT[0] (BIDIR_CELL)                       0.000     0.000
q_dffe_Q.QCK[0] (Q_FRAG)                                                        4.346     4.346
q_dffe_Q.QZ[0] (Q_FRAG) [clock-to-output]                                       1.701     6.048
$iopadmap$tff.q.O_DAT[0] (BIDIR_CELL)                                           3.130     9.178
$iopadmap$tff.q.O_PAD_$out[0] (BIDIR_CELL)                                      9.809    18.987
out:q.outpad[0] (.output)                                                       0.000    18.987
data arrival time                                                                        18.987

clock $auto$clkbufmap.cc:247:execute$1093 (rise edge)                           0.000     0.000
clock source latency                                                            0.000     0.000
clock uncertainty                                                               0.000     0.000
output external delay                                                           0.000     0.000
data required time                                                                        0.000
-----------------------------------------------------------------------------------------------
data required time                                                                        0.000
data arrival time                                                                       -18.987
-----------------------------------------------------------------------------------------------
slack (VIOLATED)                                                                        -18.987


#Path 7
Startpoint: r_dffe_Q.QZ[0] (Q_FRAG clocked by $auto$clkbufmap.cc:247:execute$1093)
Endpoint  : pbar_dffe_Q.QEN[0] (Q_FRAG clocked by $auto$clkbufmap.cc:247:execute$1093)
Path Type : setup

Point                                                                            Incr      Path
-----------------------------------------------------------------------------------------------
clock $auto$clkbufmap.cc:247:execute$1093 (rise edge)                           0.000     0.000
clock source latency                                                            0.000     0.000
$auto$clkbufmap.cc:252:execute$1094.I_DAT[0] (BIDIR_CELL)                       0.000     0.000
r_dffe_Q.QCK[0] (Q_FRAG)                                                        6.876     6.876
r_dffe_Q.QZ[0] (Q_FRAG) [clock-to-output]                                       1.701     8.578
pbar_dffe_Q.QEN[0] (Q_FRAG)                                                     5.721    14.299
data arrival time                                                                        14.299

clock $auto$clkbufmap.cc:247:execute$1093 (rise edge)                           0.000     0.000
clock source latency                                                            0.000     0.000
$auto$clkbufmap.cc:252:execute$1094.I_DAT[0] (BIDIR_CELL)                       0.000     0.000
pbar_dffe_Q.QCK[0] (Q_FRAG)                                                     5.300     5.300
clock uncertainty                                                               0.000     5.300
cell setup time                                                                -0.591     4.709
data required time                                                                        4.709
-----------------------------------------------------------------------------------------------
data required time                                                                        4.709
data arrival time                                                                       -14.299
-----------------------------------------------------------------------------------------------
slack (VIOLATED)                                                                         -9.590


#Path 8
Startpoint: qbar_dffe_Q.QZ[0] (Q_FRAG clocked by $auto$clkbufmap.cc:247:execute$1093)
Endpoint  : r_dffe_Q.QEN[0] (Q_FRAG clocked by $auto$clkbufmap.cc:247:execute$1093)
Path Type : setup

Point                                                                            Incr      Path
-----------------------------------------------------------------------------------------------
clock $auto$clkbufmap.cc:247:execute$1093 (rise edge)                           0.000     0.000
clock source latency                                                            0.000     0.000
$auto$clkbufmap.cc:252:execute$1094.I_DAT[0] (BIDIR_CELL)                       0.000     0.000
qbar_dffe_Q.QCK[0] (Q_FRAG)                                                     6.737     6.737
qbar_dffe_Q.QZ[0] (Q_FRAG) [clock-to-output]                                    1.701     8.438
r_dffe_Q.QEN[0] (Q_FRAG)                                                        5.064    13.502
data arrival time                                                                        13.502

clock $auto$clkbufmap.cc:247:execute$1093 (rise edge)                           0.000     0.000
clock source latency                                                            0.000     0.000
$auto$clkbufmap.cc:252:execute$1094.I_DAT[0] (BIDIR_CELL)                       0.000     0.000
r_dffe_Q.QCK[0] (Q_FRAG)                                                        6.876     6.876
clock uncertainty                                                               0.000     6.876
cell setup time                                                                -0.591     6.286
data required time                                                                        6.286
-----------------------------------------------------------------------------------------------
data required time                                                                        6.286
data arrival time                                                                       -13.502
-----------------------------------------------------------------------------------------------
slack (VIOLATED)                                                                         -7.217


#Path 9
Startpoint: r_dffe_Q.QZ[0] (Q_FRAG clocked by $auto$clkbufmap.cc:247:execute$1093)
Endpoint  : r_dffe_Q.QD[0] (Q_FRAG clocked by $auto$clkbufmap.cc:247:execute$1093)
Path Type : setup

Point                                                                            Incr      Path
-----------------------------------------------------------------------------------------------
clock $auto$clkbufmap.cc:247:execute$1093 (rise edge)                           0.000     0.000
clock source latency                                                            0.000     0.000
$auto$clkbufmap.cc:252:execute$1094.I_DAT[0] (BIDIR_CELL)                       0.000     0.000
r_dffe_Q.QCK[0] (Q_FRAG)                                                        6.876     6.876
r_dffe_Q.QZ[0] (Q_FRAG) [clock-to-output]                                       1.701     8.578
r_LUT1_I0.f_frag.FS[0] (F_FRAG)                                                 2.407    10.985
r_LUT1_I0.f_frag.FZ[0] (F_FRAG)                                                 0.612    11.597
r_dffe_Q.QD[0] (Q_FRAG)                                                         2.301    13.897
data arrival time                                                                        13.897

clock $auto$clkbufmap.cc:247:execute$1093 (rise edge)                           0.000     0.000
clock source latency                                                            0.000     0.000
$auto$clkbufmap.cc:252:execute$1094.I_DAT[0] (BIDIR_CELL)                       0.000     0.000
r_dffe_Q.QCK[0] (Q_FRAG)                                                        6.876     6.876
clock uncertainty                                                               0.000     6.876
cell setup time                                                                 0.105     6.982
data required time                                                                        6.982
-----------------------------------------------------------------------------------------------
data required time                                                                        6.982
data arrival time                                                                       -13.897
-----------------------------------------------------------------------------------------------
slack (VIOLATED)                                                                         -6.916


#Path 10
Startpoint: qbar_dffe_Q.QZ[0] (Q_FRAG clocked by $auto$clkbufmap.cc:247:execute$1093)
Endpoint  : qbar_dffe_Q.QD[0] (Q_FRAG clocked by $auto$clkbufmap.cc:247:execute$1093)
Path Type : setup

Point                                                                            Incr      Path
-----------------------------------------------------------------------------------------------
clock $auto$clkbufmap.cc:247:execute$1093 (rise edge)                           0.000     0.000
clock source latency                                                            0.000     0.000
$auto$clkbufmap.cc:252:execute$1094.I_DAT[0] (BIDIR_CELL)                       0.000     0.000
qbar_dffe_Q.QCK[0] (Q_FRAG)                                                     6.737     6.737
qbar_dffe_Q.QZ[0] (Q_FRAG) [clock-to-output]                                    1.701     8.438
qbar_LUT1_I0.f_frag.FS[0] (F_FRAG)                                              2.407    10.846
qbar_LUT1_I0.f_frag.FZ[0] (F_FRAG)                                              0.612    11.457
qbar_dffe_Q.QD[0] (Q_FRAG)                                                      2.301    13.758
data arrival time                                                                        13.758

clock $auto$clkbufmap.cc:247:execute$1093 (rise edge)                           0.000     0.000
clock source latency                                                            0.000     0.000
$auto$clkbufmap.cc:252:execute$1094.I_DAT[0] (BIDIR_CELL)                       0.000     0.000
qbar_dffe_Q.QCK[0] (Q_FRAG)                                                     6.737     6.737
clock uncertainty                                                               0.000     6.737
cell setup time                                                                 0.105     6.842
data required time                                                                        6.842
-----------------------------------------------------------------------------------------------
data required time                                                                        6.842
data arrival time                                                                       -13.758
-----------------------------------------------------------------------------------------------
slack (VIOLATED)                                                                         -6.916


#Path 11
Startpoint: p_dffe_Q.QZ[0] (Q_FRAG clocked by $auto$clkbufmap.cc:247:execute$1093)
Endpoint  : p_dffe_Q.QD[0] (Q_FRAG clocked by $auto$clkbufmap.cc:247:execute$1093)
Path Type : setup

Point                                                                            Incr      Path
-----------------------------------------------------------------------------------------------
clock $auto$clkbufmap.cc:247:execute$1093 (rise edge)                           0.000     0.000
clock source latency                                                            0.000     0.000
$auto$clkbufmap.cc:252:execute$1094.I_DAT[0] (BIDIR_CELL)                       0.000     0.000
p_dffe_Q.QCK[0] (Q_FRAG)                                                        5.996     5.996
p_dffe_Q.QZ[0] (Q_FRAG) [clock-to-output]                                       1.701     7.697
p_LUT1_I0.f_frag.FS[0] (F_FRAG)                                                 2.342    10.040
p_LUT1_I0.f_frag.FZ[0] (F_FRAG)                                                 0.612    10.652
p_dffe_Q.QD[0] (Q_FRAG)                                                         2.301    12.952
data arrival time                                                                        12.952

clock $auto$clkbufmap.cc:247:execute$1093 (rise edge)                           0.000     0.000
clock source latency                                                            0.000     0.000
$auto$clkbufmap.cc:252:execute$1094.I_DAT[0] (BIDIR_CELL)                       0.000     0.000
p_dffe_Q.QCK[0] (Q_FRAG)                                                        5.996     5.996
clock uncertainty                                                               0.000     5.996
cell setup time                                                                 0.105     6.101
data required time                                                                        6.101
-----------------------------------------------------------------------------------------------
data required time                                                                        6.101
data arrival time                                                                       -12.952
-----------------------------------------------------------------------------------------------
slack (VIOLATED)                                                                         -6.851


#Path 12
Startpoint: pbar_dffe_Q.QZ[0] (Q_FRAG clocked by $auto$clkbufmap.cc:247:execute$1093)
Endpoint  : pbar_dffe_Q.QD[0] (Q_FRAG clocked by $auto$clkbufmap.cc:247:execute$1093)
Path Type : setup

Point                                                                            Incr      Path
-----------------------------------------------------------------------------------------------
clock $auto$clkbufmap.cc:247:execute$1093 (rise edge)                           0.000     0.000
clock source latency                                                            0.000     0.000
$auto$clkbufmap.cc:252:execute$1094.I_DAT[0] (BIDIR_CELL)                       0.000     0.000
pbar_dffe_Q.QCK[0] (Q_FRAG)                                                     5.300     5.300
pbar_dffe_Q.QZ[0] (Q_FRAG) [clock-to-output]                                    1.701     7.001
pbar_LUT1_I0.f_frag.FS[0] (F_FRAG)                                              2.238     9.239
pbar_LUT1_I0.f_frag.FZ[0] (F_FRAG)                                              0.612     9.851
pbar_dffe_Q.QD[0] (Q_FRAG)                                                      2.301    12.152
data arrival time                                                                        12.152

clock $auto$clkbufmap.cc:247:execute$1093 (rise edge)                           0.000     0.000
clock source latency                                                            0.000     0.000
$auto$clkbufmap.cc:252:execute$1094.I_DAT[0] (BIDIR_CELL)                       0.000     0.000
pbar_dffe_Q.QCK[0] (Q_FRAG)                                                     5.300     5.300
clock uncertainty                                                               0.000     5.300
cell setup time                                                                 0.105     5.405
data required time                                                                        5.405
-----------------------------------------------------------------------------------------------
data required time                                                                        5.405
data arrival time                                                                       -12.152
-----------------------------------------------------------------------------------------------
slack (VIOLATED)                                                                         -6.746


#Path 13
Startpoint: rbar_dffe_Q.QZ[0] (Q_FRAG clocked by $auto$clkbufmap.cc:247:execute$1093)
Endpoint  : rbar_dffe_Q.QD[0] (Q_FRAG clocked by $auto$clkbufmap.cc:247:execute$1093)
Path Type : setup

Point                                                                            Incr      Path
-----------------------------------------------------------------------------------------------
clock $auto$clkbufmap.cc:247:execute$1093 (rise edge)                           0.000     0.000
clock source latency                                                            0.000     0.000
$auto$clkbufmap.cc:252:execute$1094.I_DAT[0] (BIDIR_CELL)                       0.000     0.000
rbar_dffe_Q.QCK[0] (Q_FRAG)                                                     6.214     6.214
rbar_dffe_Q.QZ[0] (Q_FRAG) [clock-to-output]                                    1.701     7.915
rbar_LUT1_I0.f_frag.FS[0] (F_FRAG)                                              2.238    10.153
rbar_LUT1_I0.f_frag.FZ[0] (F_FRAG)                                              0.612    10.765
rbar_dffe_Q.QD[0] (Q_FRAG)                                                      2.301    13.066
data arrival time                                                                        13.066

clock $auto$clkbufmap.cc:247:execute$1093 (rise edge)                           0.000     0.000
clock source latency                                                            0.000     0.000
$auto$clkbufmap.cc:252:execute$1094.I_DAT[0] (BIDIR_CELL)                       0.000     0.000
rbar_dffe_Q.QCK[0] (Q_FRAG)                                                     6.214     6.214
clock uncertainty                                                               0.000     6.214
cell setup time                                                                 0.105     6.319
data required time                                                                        6.319
-----------------------------------------------------------------------------------------------
data required time                                                                        6.319
data arrival time                                                                       -13.066
-----------------------------------------------------------------------------------------------
slack (VIOLATED)                                                                         -6.746


#Path 14
Startpoint: q_dffe_Q.QZ[0] (Q_FRAG clocked by $auto$clkbufmap.cc:247:execute$1093)
Endpoint  : q_dffe_Q.QD[0] (Q_FRAG clocked by $auto$clkbufmap.cc:247:execute$1093)
Path Type : setup

Point                                                                            Incr      Path
-----------------------------------------------------------------------------------------------
clock $auto$clkbufmap.cc:247:execute$1093 (rise edge)                           0.000     0.000
clock source latency                                                            0.000     0.000
$auto$clkbufmap.cc:252:execute$1094.I_DAT[0] (BIDIR_CELL)                       0.000     0.000
q_dffe_Q.QCK[0] (Q_FRAG)                                                        4.346     4.346
q_dffe_Q.QZ[0] (Q_FRAG) [clock-to-output]                                       1.701     6.048
q_LUT1_I0.f_frag.FS[0] (F_FRAG)                                                 2.238     8.286
q_LUT1_I0.f_frag.FZ[0] (F_FRAG)                                                 0.612     8.898
q_dffe_Q.QD[0] (Q_FRAG)                                                         2.301    11.198
data arrival time                                                                        11.198

clock $auto$clkbufmap.cc:247:execute$1093 (rise edge)                           0.000     0.000
clock source latency                                                            0.000     0.000
$auto$clkbufmap.cc:252:execute$1094.I_DAT[0] (BIDIR_CELL)                       0.000     0.000
q_dffe_Q.QCK[0] (Q_FRAG)                                                        4.346     4.346
clock uncertainty                                                               0.000     4.346
cell setup time                                                                 0.105     4.452
data required time                                                                        4.452
-----------------------------------------------------------------------------------------------
data required time                                                                        4.452
data arrival time                                                                       -11.198
-----------------------------------------------------------------------------------------------
slack (VIOLATED)                                                                         -6.746


#Path 15
Startpoint: r_dffe_Q.QZ[0] (Q_FRAG clocked by $auto$clkbufmap.cc:247:execute$1093)
Endpoint  : p_dffe_Q.QEN[0] (Q_FRAG clocked by $auto$clkbufmap.cc:247:execute$1093)
Path Type : setup

Point                                                                            Incr      Path
-----------------------------------------------------------------------------------------------
clock $auto$clkbufmap.cc:247:execute$1093 (rise edge)                           0.000     0.000
clock source latency                                                            0.000     0.000
$auto$clkbufmap.cc:252:execute$1094.I_DAT[0] (BIDIR_CELL)                       0.000     0.000
r_dffe_Q.QCK[0] (Q_FRAG)                                                        6.876     6.876
r_dffe_Q.QZ[0] (Q_FRAG) [clock-to-output]                                       1.701     8.578
p_dffe_Q.QEN[0] (Q_FRAG)                                                        3.380    11.958
data arrival time                                                                        11.958

clock $auto$clkbufmap.cc:247:execute$1093 (rise edge)                           0.000     0.000
clock source latency                                                            0.000     0.000
$auto$clkbufmap.cc:252:execute$1094.I_DAT[0] (BIDIR_CELL)                       0.000     0.000
p_dffe_Q.QCK[0] (Q_FRAG)                                                        5.996     5.996
clock uncertainty                                                               0.000     5.996
cell setup time                                                                -0.591     5.405
data required time                                                                        5.405
-----------------------------------------------------------------------------------------------
data required time                                                                        5.405
data arrival time                                                                       -11.958
-----------------------------------------------------------------------------------------------
slack (VIOLATED)                                                                         -6.553


#Path 16
Startpoint: pbar_dffe_Q.QZ[0] (Q_FRAG clocked by $auto$clkbufmap.cc:247:execute$1093)
Endpoint  : q_dffe_Q.QEN[0] (Q_FRAG clocked by $auto$clkbufmap.cc:247:execute$1093)
Path Type : setup

Point                                                                            Incr      Path
-----------------------------------------------------------------------------------------------
clock $auto$clkbufmap.cc:247:execute$1093 (rise edge)                           0.000     0.000
clock source latency                                                            0.000     0.000
$auto$clkbufmap.cc:252:execute$1094.I_DAT[0] (BIDIR_CELL)                       0.000     0.000
pbar_dffe_Q.QCK[0] (Q_FRAG)                                                     5.300     5.300
pbar_dffe_Q.QZ[0] (Q_FRAG) [clock-to-output]                                    1.701     7.001
q_dffe_Q.QEN[0] (Q_FRAG)                                                        3.193    10.195
data arrival time                                                                        10.195

clock $auto$clkbufmap.cc:247:execute$1093 (rise edge)                           0.000     0.000
clock source latency                                                            0.000     0.000
$auto$clkbufmap.cc:252:execute$1094.I_DAT[0] (BIDIR_CELL)                       0.000     0.000
q_dffe_Q.QCK[0] (Q_FRAG)                                                        4.346     4.346
clock uncertainty                                                               0.000     4.346
cell setup time                                                                -0.591     3.756
data required time                                                                        3.756
-----------------------------------------------------------------------------------------------
data required time                                                                        3.756
data arrival time                                                                       -10.195
-----------------------------------------------------------------------------------------------
slack (VIOLATED)                                                                         -6.439


#Path 17
Startpoint: qbar_dffe_Q.QZ[0] (Q_FRAG clocked by $auto$clkbufmap.cc:247:execute$1093)
Endpoint  : rbar_dffe_Q.QEN[0] (Q_FRAG clocked by $auto$clkbufmap.cc:247:execute$1093)
Path Type : setup

Point                                                                            Incr      Path
-----------------------------------------------------------------------------------------------
clock $auto$clkbufmap.cc:247:execute$1093 (rise edge)                           0.000     0.000
clock source latency                                                            0.000     0.000
$auto$clkbufmap.cc:252:execute$1094.I_DAT[0] (BIDIR_CELL)                       0.000     0.000
qbar_dffe_Q.QCK[0] (Q_FRAG)                                                     6.737     6.737
qbar_dffe_Q.QZ[0] (Q_FRAG) [clock-to-output]                                    1.701     8.438
rbar_dffe_Q.QEN[0] (Q_FRAG)                                                     3.556    11.994
data arrival time                                                                        11.994

clock $auto$clkbufmap.cc:247:execute$1093 (rise edge)                           0.000     0.000
clock source latency                                                            0.000     0.000
$auto$clkbufmap.cc:252:execute$1094.I_DAT[0] (BIDIR_CELL)                       0.000     0.000
rbar_dffe_Q.QCK[0] (Q_FRAG)                                                     6.214     6.214
clock uncertainty                                                               0.000     6.214
cell setup time                                                                -0.591     5.623
data required time                                                                        5.623
-----------------------------------------------------------------------------------------------
data required time                                                                        5.623
data arrival time                                                                       -11.994
-----------------------------------------------------------------------------------------------
slack (VIOLATED)                                                                         -6.371


#Path 18
Startpoint: pbar_dffe_Q.QZ[0] (Q_FRAG clocked by $auto$clkbufmap.cc:247:execute$1093)
Endpoint  : qbar_dffe_Q.QEN[0] (Q_FRAG clocked by $auto$clkbufmap.cc:247:execute$1093)
Path Type : setup

Point                                                                            Incr      Path
-----------------------------------------------------------------------------------------------
clock $auto$clkbufmap.cc:247:execute$1093 (rise edge)                           0.000     0.000
clock source latency                                                            0.000     0.000
$auto$clkbufmap.cc:252:execute$1094.I_DAT[0] (BIDIR_CELL)                       0.000     0.000
pbar_dffe_Q.QCK[0] (Q_FRAG)                                                     5.300     5.300
pbar_dffe_Q.QZ[0] (Q_FRAG) [clock-to-output]                                    1.701     7.001
qbar_dffe_Q.QEN[0] (Q_FRAG)                                                     4.007    11.008
data arrival time                                                                        11.008

clock $auto$clkbufmap.cc:247:execute$1093 (rise edge)                           0.000     0.000
clock source latency                                                            0.000     0.000
$auto$clkbufmap.cc:252:execute$1094.I_DAT[0] (BIDIR_CELL)                       0.000     0.000
qbar_dffe_Q.QCK[0] (Q_FRAG)                                                     6.737     6.737
clock uncertainty                                                               0.000     6.737
cell setup time                                                                -0.591     6.146
data required time                                                                        6.146
-----------------------------------------------------------------------------------------------
data required time                                                                        6.146
data arrival time                                                                       -11.008
-----------------------------------------------------------------------------------------------
slack (VIOLATED)                                                                         -4.862


#End of timing report
